Using pre-set license
Built from '2020.3/staging' branch; Version is '2020.3.18f1 (a7d1c678663c) revision 10998214'; Using compiler version '192528614'; Build Type 'Release'
OS: 'Windows 10 Home Single Language; OS build 19043.1288; Version 2009; 64bit' Language: 'ru' Physical Memory: 7103 MB
BatchMode: 1, IsHumanControllingUs: 0, StartBugReporterOnCrash: 0, Is64bit: 1, IsPro: 0

COMMAND LINE ARGUMENTS:
D:\UnityEngine\2020.3.18f1\Editor\Unity.exe
-adb2
-batchMode
-noUpm
-name
AssetImportWorker0
-projectPath
D:/UnityEngine/Platformer
-logFile
Logs/AssetImportWorker0.log
-srvPort
49396
Successfully changed project path to: D:/UnityEngine/Platformer
D:/UnityEngine/Platformer
Using Asset Import Pipeline V2.
Refreshing native plugins compatible for Editor in 105.93 ms, found 3 plugins.
Preloading 0 native plugins for Editor in 0.00 ms.
Initialize engine version: 2020.3.18f1 (a7d1c678663c)
[Subsystems] Discovering subsystems at path D:/UnityEngine/2020.3.18f1/Editor/Data/Resources/UnitySubsystems
[Subsystems] Discovering subsystems at path D:/UnityEngine/Platformer/Assets
GfxDevice: creating device client; threaded=0
Direct3D:
    Version:  Direct3D 11.0 [level 11.1]
    Renderer: AMD Radeon(TM) Vega 8 Graphics (ID=0x15d8)
    Vendor:   
    VRAM:     3551 MB
    Driver:   26.20.11030.22001
Initialize mono
Mono path[0] = 'D:/UnityEngine/2020.3.18f1/Editor/Data/Managed'
Mono path[1] = 'D:/UnityEngine/2020.3.18f1/Editor/Data/MonoBleedingEdge/lib/mono/unityjit'
Mono config path = 'D:/UnityEngine/2020.3.18f1/Editor/Data/MonoBleedingEdge/etc'
Using monoOptions --debugger-agent=transport=dt_socket,embedding=1,server=y,suspend=n,address=127.0.0.1:56932
Begin MonoManager ReloadAssembly
Registering precompiled unity dll's ...
Register platform support module: D:/UnityEngine/2020.3.18f1/Editor/Data/PlaybackEngines/WindowsStandaloneSupport/UnityEditor.WindowsStandalone.Extensions.dll
Registered in 0.001568 seconds.
Native extension for WindowsStandalone target not found
Refreshing native plugins compatible for Editor in 70.26 ms, found 3 plugins.
Preloading 0 native plugins for Editor in 0.00 ms.
Mono: successfully reloaded assembly
- Completed reload, in  1.575 seconds
Domain Reload Profiling:
	ReloadAssembly (1575ms)
		BeginReloadAssembly (146ms)
			ExecutionOrderSort (0ms)
			DisableScriptedObjects (0ms)
			BackupInstance (0ms)
			ReleaseScriptingObjects (0ms)
			CreateAndSetChildDomain (2ms)
		EndReloadAssembly (717ms)
			LoadAssemblies (143ms)
			RebuildTransferFunctionScriptingTraits (0ms)
			SetupTypeCache (249ms)
			ReleaseScriptCaches (0ms)
			RebuildScriptCaches (36ms)
			SetupLoadedEditorAssemblies (299ms)
				LogAssemblyErrors (0ms)
				InitializePlatformSupportModulesInManaged (5ms)
				SetLoadedEditorAssemblies (0ms)
				RefreshPlugins (70ms)
				BeforeProcessingInitializeOnLoad (24ms)
				ProcessInitializeOnLoadAttributes (161ms)
				ProcessInitializeOnLoadMethodAttributes (38ms)
				AfterProcessingInitializeOnLoad (0ms)
				EditorAssembliesLoaded (0ms)
			ExecutionOrderSort2 (0ms)
			AwakeInstancesAfterBackupRestoration (0ms)
Platform modules already initialized, skipping
Registering precompiled user dll's ...
Registered in 0.003544 seconds.
Begin MonoManager ReloadAssembly
Native extension for WindowsStandalone target not found
Refreshing native plugins compatible for Editor in 101.70 ms, found 3 plugins.
Preloading 0 native plugins for Editor in 0.00 ms.
Mono: successfully reloaded assembly
- Completed reload, in  2.424 seconds
Domain Reload Profiling:
	ReloadAssembly (2426ms)
		BeginReloadAssembly (306ms)
			ExecutionOrderSort (0ms)
			DisableScriptedObjects (16ms)
			BackupInstance (0ms)
			ReleaseScriptingObjects (0ms)
			CreateAndSetChildDomain (45ms)
		EndReloadAssembly (1979ms)
			LoadAssemblies (184ms)
			RebuildTransferFunctionScriptingTraits (0ms)
			SetupTypeCache (638ms)
			ReleaseScriptCaches (1ms)
			RebuildScriptCaches (105ms)
			SetupLoadedEditorAssemblies (810ms)
				LogAssemblyErrors (0ms)
				InitializePlatformSupportModulesInManaged (9ms)
				SetLoadedEditorAssemblies (0ms)
				RefreshPlugins (102ms)
				BeforeProcessingInitializeOnLoad (199ms)
				ProcessInitializeOnLoadAttributes (472ms)
				ProcessInitializeOnLoadMethodAttributes (22ms)
				AfterProcessingInitializeOnLoad (5ms)
				EditorAssembliesLoaded (0ms)
			ExecutionOrderSort2 (0ms)
			AwakeInstancesAfterBackupRestoration (10ms)
Platform modules already initialized, skipping
========================================================================
Worker process is ready to serve import requests
Launched and connected shader compiler UnityShaderCompiler.exe after 0.18 seconds
Refreshing native plugins compatible for Editor in 1.10 ms, found 3 plugins.
Preloading 0 native plugins for Editor in 0.00 ms.
Unloading 2399 Unused Serialized files (Serialized files now loaded: 0)
System memory in use before: 111.2 MB.
System memory in use after: 111.0 MB.

Unloading 28 unused Assets to reduce memory usage. Loaded Objects now: 2845.
Total: 5.434600 ms (FindLiveObjects: 0.480400 ms CreateObjectMapping: 0.143000 ms MarkObjects: 4.406300 ms  DeleteObjects: 0.402500 ms)

AssetImportParameters requested are different than current active one (requested -> active):
  custom:framework-win-MediaFoundation: 216162199b28c13a410421893ffa2e32 -> 
  custom:video-decoder-ogg-theora: a1e56fd34408186e4bbccfd4996cb3dc -> 
  custom:container-muxer-webm: aa71ff27fc2769a1b78a27578f13a17b -> 
  custom:container-demuxer-webm: 4f35f7cbe854078d1ac9338744f61a02 -> 
  custom:container-demuxer-ogg: 62fdf1f143b41e24485cea50d1cbac27 -> 
  custom:video-encoder-webm-vp8: eb34c28f22e8b96e1ab97ce403110664 -> 
  custom:video-codec-MediaFoundation-h265: 746d11721c4dcdbdad8f713fa42b33f4 -> 
  custom:video-decoder-webm-vp8: 9c59270c3fd7afecdb556c50c9e8de78 -> 
  custom:audio-decoder-ogg-vorbis: bf7c407c2cedff20999df2af8eb42d56 -> 
  custom:audio-encoder-webm-vorbis: bf7c407c2cedff20999df2af8eb42d56 -> 
========================================================================
Received Import Request.
  path: Assets/Sprites & Tiles/Sprites/SPA_Coins.png
  artifactKey: Guid(7eebbfa70ec64bf449edec4149e636f1) Importer(815301076,1909f56bfc062723c751e8b465ee728b)
Start importing Assets/Sprites & Tiles/Sprites/SPA_Coins.png using Guid(7eebbfa70ec64bf449edec4149e636f1) Importer(815301076,1909f56bfc062723c751e8b465ee728b)  -> (artifact id: 'c64bb9386f76ddc533aa59dc45903ffe') in 0.157057 seconds 
  Import took 0.163810 seconds .

========================================================================
Received Import Request.
  Time since last request: 0.000472 seconds.
  path: Assets/Sprites & Tiles/Sprites/Spikes.png
  artifactKey: Guid(c7c144f453240014588625d14909a9e2) Importer(815301076,1909f56bfc062723c751e8b465ee728b)
Start importing Assets/Sprites & Tiles/Sprites/Spikes.png using Guid(c7c144f453240014588625d14909a9e2) Importer(815301076,1909f56bfc062723c751e8b465ee728b)  -> (artifact id: '22fee3fa4a04d8fb29858c0144b980fe') in 0.015175 seconds 
  Import took 0.020820 seconds .

========================================================================
Received Import Request.
  Time since last request: 0.000375 seconds.
  path: Assets/Sprites & Tiles/Sprites/SPA_Ladder.png
  artifactKey: Guid(88c85ef68e91f1146a6d029604b3d432) Importer(815301076,1909f56bfc062723c751e8b465ee728b)
Start importing Assets/Sprites & Tiles/Sprites/SPA_Ladder.png using Guid(88c85ef68e91f1146a6d029604b3d432) Importer(815301076,1909f56bfc062723c751e8b465ee728b)  -> (artifact id: 'ede65cbc2dfe9fcfaae83b40c3778818') in 0.016353 seconds 
  Import took 0.021865 seconds .

========================================================================
Received Import Request.
  Time since last request: 62.741161 seconds.
  path: Assets/Sprites & Tiles/Sprites/SPA_Coins.png
  artifactKey: Guid(7eebbfa70ec64bf449edec4149e636f1) Importer(815301076,1909f56bfc062723c751e8b465ee728b)
Start importing Assets/Sprites & Tiles/Sprites/SPA_Coins.png using Guid(7eebbfa70ec64bf449edec4149e636f1) Importer(815301076,1909f56bfc062723c751e8b465ee728b)  -> (artifact id: 'eeddb0d304c4e9139c57ac7d32e2f939') in 0.012355 seconds 
  Import took 0.019362 seconds .

========================================================================
Received Import Request.
  Time since last request: 0.012693 seconds.
  path: Assets/Sprites & Tiles/Sprites/SPA_Coins.png
  artifactKey: Guid(7eebbfa70ec64bf449edec4149e636f1) Importer(815301076,1909f56bfc062723c751e8b465ee728b)
Start importing Assets/Sprites & Tiles/Sprites/SPA_Coins.png using Guid(7eebbfa70ec64bf449edec4149e636f1) Importer(815301076,1909f56bfc062723c751e8b465ee728b)  -> (artifact id: 'eeddb0d304c4e9139c57ac7d32e2f939') in 0.018617 seconds 
  Import took 0.025187 seconds .

========================================================================
Received Import Request.
  Time since last request: 135.971739 seconds.
  path: Assets/Sprites & Tiles/Sprites/SPA_Coins.png
  artifactKey: Guid(7eebbfa70ec64bf449edec4149e636f1) Importer(815301076,1909f56bfc062723c751e8b465ee728b)
Start importing Assets/Sprites & Tiles/Sprites/SPA_Coins.png using Guid(7eebbfa70ec64bf449edec4149e636f1) Importer(815301076,1909f56bfc062723c751e8b465ee728b)  -> (artifact id: 'd9c4f38c370723cf027aa94471c639e5') in 0.092939 seconds 
  Import took 0.098593 seconds .

========================================================================
Received Import Request.
  Time since last request: 83.408778 seconds.
  path: Assets/Sprites & Tiles/Sprites/CoinSpin.anim
  artifactKey: Guid(c400e9df28bf5324fbed945e1451a7fc) Importer(815301076,1909f56bfc062723c751e8b465ee728b)
Start importing Assets/Sprites & Tiles/Sprites/CoinSpin.anim using Guid(c400e9df28bf5324fbed945e1451a7fc) Importer(815301076,1909f56bfc062723c751e8b465ee728b)  -> (artifact id: 'e7333d00362d6aa9f521d1a845e81117') in 0.013432 seconds 
  Import took 0.022799 seconds .

========================================================================
Received Import Request.
  Time since last request: 96.884681 seconds.
  path: Assets/Materials/Zero Friction.physicsMaterial2D
  artifactKey: Guid(14d0f0bb1782b8444a56c06f9cfbab59) Importer(815301076,1909f56bfc062723c751e8b465ee728b)
Start importing Assets/Materials/Zero Friction.physicsMaterial2D using Guid(14d0f0bb1782b8444a56c06f9cfbab59) Importer(815301076,1909f56bfc062723c751e8b465ee728b)  -> (artifact id: '3cf242beedf48a33268b260f43fcf936') in 0.011352 seconds 
  Import took 0.021175 seconds .

========================================================================
Received Import Request.
  Time since last request: 7.496778 seconds.
  path: Assets/Sprites & Tiles/Clouds.asset
  artifactKey: Guid(0028252c306bae14f9837365d692e1fc) Importer(815301076,1909f56bfc062723c751e8b465ee728b)
Start importing Assets/Sprites & Tiles/Clouds.asset using Guid(0028252c306bae14f9837365d692e1fc) Importer(815301076,1909f56bfc062723c751e8b465ee728b)  -> (artifact id: '246e936fbaac5b3a53d2de8baf1bd45b') in 0.066593 seconds 
  Import took 0.076682 seconds .

========================================================================
Received Import Request.
  Time since last request: 0.000672 seconds.
  path: Assets/Sprites & Tiles/Platforms.asset
  artifactKey: Guid(37929971bc333a14d8f4340c3e073ed7) Importer(815301076,1909f56bfc062723c751e8b465ee728b)
Start importing Assets/Sprites & Tiles/Platforms.asset using Guid(37929971bc333a14d8f4340c3e073ed7) Importer(815301076,1909f56bfc062723c751e8b465ee728b)  -> (artifact id: 'e004a638021f28cdae9bfb64f75d2a56') in 0.021741 seconds 
  Import took 0.030311 seconds .

========================================================================
Received Import Request.
  Time since last request: 5.000709 seconds.
  path: Assets/kenney_pixelplatformer/Tilemap/tiles.png
  artifactKey: Guid(b2c3f9160e95cae49a39a051a6234b16) Importer(815301076,1909f56bfc062723c751e8b465ee728b)
Start importing Assets/kenney_pixelplatformer/Tilemap/tiles.png using Guid(b2c3f9160e95cae49a39a051a6234b16) Importer(815301076,1909f56bfc062723c751e8b465ee728b)  -> (artifact id: '1bc8e61426cf38bdabaa2b59c027eb1b') in 1.003062 seconds 
  Import took 1.013280 seconds .

========================================================================
Received Import Request.
  Time since last request: 0.000706 seconds.
  path: Assets/kenney_pixelplatformer/Tilemap/tiles.png
  artifactKey: Guid(b2c3f9160e95cae49a39a051a6234b16) Importer(815301076,1909f56bfc062723c751e8b465ee728b)
Start importing Assets/kenney_pixelplatformer/Tilemap/tiles.png using Guid(b2c3f9160e95cae49a39a051a6234b16) Importer(815301076,1909f56bfc062723c751e8b465ee728b)  -> (artifact id: '1bc8e61426cf38bdabaa2b59c027eb1b') in 0.712245 seconds 
  Import took 0.717727 seconds .

========================================================================
Received Import Request.
  Time since last request: 104.173907 seconds.
  path: Assets/GameSession.cs
  artifactKey: Guid(c35d165a64a99e24dbd88ea818854bd6) Importer(815301076,1909f56bfc062723c751e8b465ee728b)
Start importing Assets/GameSession.cs using Guid(c35d165a64a99e24dbd88ea818854bd6) Importer(815301076,1909f56bfc062723c751e8b465ee728b)  -> (artifact id: '20153668f9db9c70d5f35c1aa4bfa96b') in 0.022746 seconds 
  Import took 0.032707 seconds .

========================================================================
Received Import Request.
  Time since last request: 0.005636 seconds.
  path: Assets/GameSession.cs
  artifactKey: Guid(c35d165a64a99e24dbd88ea818854bd6) Importer(815301076,1909f56bfc062723c751e8b465ee728b)
Start importing Assets/GameSession.cs using Guid(c35d165a64a99e24dbd88ea818854bd6) Importer(815301076,1909f56bfc062723c751e8b465ee728b)  -> (artifact id: '20153668f9db9c70d5f35c1aa4bfa96b') in 0.004399 seconds 
  Import took 0.012529 seconds .

========================================================================
Received Import Request.
  Time since last request: 1.917651 seconds.
  path: Assets/LevelExit.cs
  artifactKey: Guid(056da51697c98e74c9d70d371a9a10df) Importer(815301076,1909f56bfc062723c751e8b465ee728b)
Start importing Assets/LevelExit.cs using Guid(056da51697c98e74c9d70d371a9a10df) Importer(815301076,1909f56bfc062723c751e8b465ee728b)  -> (artifact id: '655bcddd440c68fd4844aa5dc858edfc') in 0.005494 seconds 
  Import took 0.016618 seconds .

========================================================================
Received Prepare
Registering precompiled user dll's ...
Registered in 0.006318 seconds.
Begin MonoManager ReloadAssembly
Native extension for WindowsStandalone target not found
Refreshing native plugins compatible for Editor in 0.93 ms, found 3 plugins.
Preloading 0 native plugins for Editor in 0.00 ms.
Mono: successfully reloaded assembly
- Completed reload, in  1.912 seconds
Domain Reload Profiling:
	ReloadAssembly (1913ms)
		BeginReloadAssembly (242ms)
			ExecutionOrderSort (0ms)
			DisableScriptedObjects (19ms)
			BackupInstance (0ms)
			ReleaseScriptingObjects (0ms)
			CreateAndSetChildDomain (90ms)
		EndReloadAssembly (1589ms)
			LoadAssemblies (178ms)
			RebuildTransferFunctionScriptingTraits (0ms)
			SetupTypeCache (515ms)
			ReleaseScriptCaches (2ms)
			RebuildScriptCaches (136ms)
			SetupLoadedEditorAssemblies (509ms)
				LogAssemblyErrors (0ms)
				InitializePlatformSupportModulesInManaged (7ms)
				SetLoadedEditorAssemblies (1ms)
				RefreshPlugins (1ms)
				BeforeProcessingInitializeOnLoad (119ms)
				ProcessInitializeOnLoadAttributes (370ms)
				ProcessInitializeOnLoadMethodAttributes (8ms)
				AfterProcessingInitializeOnLoad (3ms)
				EditorAssembliesLoaded (0ms)
			ExecutionOrderSort2 (0ms)
			AwakeInstancesAfterBackupRestoration (16ms)
Platform modules already initialized, skipping
Refreshing native plugins compatible for Editor in 1.52 ms, found 3 plugins.
Preloading 0 native plugins for Editor in 0.00 ms.
Unloading 2366 Unused Serialized files (Serialized files now loaded: 0)
System memory in use before: 111.6 MB.
System memory in use after: 111.5 MB.

Unloading 16 unused Assets to reduce memory usage. Loaded Objects now: 2938.
Total: 11.676700 ms (FindLiveObjects: 0.362000 ms CreateObjectMapping: 0.070500 ms MarkObjects: 10.298500 ms  DeleteObjects: 0.942500 ms)

AssetImportParameters requested are different than current active one (requested -> active):
  custom:framework-win-MediaFoundation: 216162199b28c13a410421893ffa2e32 -> 
  custom:video-decoder-ogg-theora: a1e56fd34408186e4bbccfd4996cb3dc -> 
  custom:container-muxer-webm: aa71ff27fc2769a1b78a27578f13a17b -> 
  custom:container-demuxer-webm: 4f35f7cbe854078d1ac9338744f61a02 -> 
  custom:container-demuxer-ogg: 62fdf1f143b41e24485cea50d1cbac27 -> 
  custom:video-encoder-webm-vp8: eb34c28f22e8b96e1ab97ce403110664 -> 
  custom:video-codec-MediaFoundation-h265: 746d11721c4dcdbdad8f713fa42b33f4 -> 
  custom:video-decoder-webm-vp8: 9c59270c3fd7afecdb556c50c9e8de78 -> 
  custom:audio-decoder-ogg-vorbis: bf7c407c2cedff20999df2af8eb42d56 -> 
  custom:audio-encoder-webm-vorbis: bf7c407c2cedff20999df2af8eb42d56 -> 
========================================================================
Received Import Request.
  Time since last request: 18.459761 seconds.
  path: Assets/Sprites & Tiles/Tiles
  artifactKey: Guid(3576efe7838cdaa4f9bacb0733939dc8) Importer(815301076,1909f56bfc062723c751e8b465ee728b)
Start importing Assets/Sprites & Tiles/Tiles using Guid(3576efe7838cdaa4f9bacb0733939dc8) Importer(815301076,1909f56bfc062723c751e8b465ee728b)  -> (artifact id: 'a747d1bdaed09d5da0157337efb9d057') in 0.009913 seconds 
  Import took 0.018982 seconds .

========================================================================
Received Import Request.
  Time since last request: 0.042031 seconds.
  path: Assets/Sprites & Tiles/Tiles/SPA_Ladder.asset
  artifactKey: Guid(fc50c4d1368d3b54186160bad3ae6e86) Importer(815301076,1909f56bfc062723c751e8b465ee728b)
Start importing Assets/Sprites & Tiles/Tiles/SPA_Ladder.asset using Guid(fc50c4d1368d3b54186160bad3ae6e86) Importer(815301076,1909f56bfc062723c751e8b465ee728b)  -> (artifact id: 'be12787b3f1fe96f0d26f39cebd6e548') in 0.072232 seconds 
  Import took 0.081143 seconds .

========================================================================
Received Import Request.
  Time since last request: 0.000697 seconds.
  path: Assets/Sprites & Tiles/Tiles/tilemap.png
  artifactKey: Guid(b5c97fd3f742140408729a44bd2f1b7c) Importer(815301076,1909f56bfc062723c751e8b465ee728b)
Start importing Assets/Sprites & Tiles/Tiles/tilemap.png using Guid(b5c97fd3f742140408729a44bd2f1b7c) Importer(815301076,1909f56bfc062723c751e8b465ee728b)  -> (artifact id: 'c6b8a2014ff8b4be19d47e1b47559e21') in 0.136537 seconds 
  Import took 0.145752 seconds .

========================================================================
Received Import Request.
  Time since last request: 0.000634 seconds.
  path: Assets/Sprites & Tiles/Tiles/Spikes.asset
  artifactKey: Guid(2d65db33d7915474c81482858c19eb12) Importer(815301076,1909f56bfc062723c751e8b465ee728b)
Start importing Assets/Sprites & Tiles/Tiles/Spikes.asset using Guid(2d65db33d7915474c81482858c19eb12) Importer(815301076,1909f56bfc062723c751e8b465ee728b)  -> (artifact id: '5b3ab0dabe98d9a9e619fea316f0bf2d') in 0.015030 seconds 
  Import took 0.024687 seconds .

========================================================================
Received Import Request.
  Time since last request: 24.131498 seconds.
  path: Assets
  artifactKey: Guid(00000000000000001000000000000000) Importer(815301076,1909f56bfc062723c751e8b465ee728b)
Start importing Assets using Guid(00000000000000001000000000000000) Importer(815301076,1909f56bfc062723c751e8b465ee728b)  -> (artifact id: '42d402b061de3733987d63b9cc3b64de') in 0.006172 seconds 
  Import took 0.024155 seconds .

========================================================================
Received Import Request.
  Time since last request: 17.651787 seconds.
  path: Assets/Hero Knight - Pixel Art/Environment/EnvironmentTiles_1.asset
  artifactKey: Guid(932822c3aa72d6245a38fc0e08fe9ef3) Importer(815301076,1909f56bfc062723c751e8b465ee728b)
Start importing Assets/Hero Knight - Pixel Art/Environment/EnvironmentTiles_1.asset using Guid(932822c3aa72d6245a38fc0e08fe9ef3) Importer(815301076,1909f56bfc062723c751e8b465ee728b)  -> (artifact id: '09e9a5e5d7aa1bfc7847195de3fc8e35') in 0.015384 seconds 
  Import took 0.024680 seconds .

========================================================================
Received Import Request.
  Time since last request: 0.000728 seconds.
  path: Assets/Hero Knight - Pixel Art/Environment/EnvironmentTiles_2.asset
  artifactKey: Guid(16944a65ef007594a9a62996602798ae) Importer(815301076,1909f56bfc062723c751e8b465ee728b)
Start importing Assets/Hero Knight - Pixel Art/Environment/EnvironmentTiles_2.asset using Guid(16944a65ef007594a9a62996602798ae) Importer(815301076,1909f56bfc062723c751e8b465ee728b)  -> (artifact id: '45d90362dbbcc64b400108ccbadaa279') in 0.017867 seconds 
  Import took 0.027733 seconds .

========================================================================
Received Import Request.
  Time since last request: 0.000743 seconds.
  path: Assets/Hero Knight - Pixel Art/Environment/EnvironmentTiles_3.asset
  artifactKey: Guid(50037ea5bf884e3438442ce9d2f0df1c) Importer(815301076,1909f56bfc062723c751e8b465ee728b)
Start importing Assets/Hero Knight - Pixel Art/Environment/EnvironmentTiles_3.asset using Guid(50037ea5bf884e3438442ce9d2f0df1c) Importer(815301076,1909f56bfc062723c751e8b465ee728b)  -> (artifact id: 'fa1b6d2262abcfbab1dec4ff50f59866') in 0.018345 seconds 
  Import took 0.028071 seconds .

========================================================================
Received Import Request.
  Time since last request: 0.000688 seconds.
  path: Assets/Hero Knight - Pixel Art/Sprites/EnvironmentTiles.png
  artifactKey: Guid(f094595c900579d4c85a02612d8fa36c) Importer(815301076,1909f56bfc062723c751e8b465ee728b)
Start importing Assets/Hero Knight - Pixel Art/Sprites/EnvironmentTiles.png using Guid(f094595c900579d4c85a02612d8fa36c) Importer(815301076,1909f56bfc062723c751e8b465ee728b)  -> (artifact id: '4087cc23a74142f891135c3cc1c5dee4') in 0.046434 seconds 
  Import took 0.056332 seconds .

========================================================================
Received Import Request.
  Time since last request: 2.631168 seconds.
  path: Assets/kenney_pixelplatformer/Background/tilemap_packed.png
  artifactKey: Guid(803f6555eb3539d41936d15ba62fe66a) Importer(815301076,1909f56bfc062723c751e8b465ee728b)
Start importing Assets/kenney_pixelplatformer/Background/tilemap_packed.png using Guid(803f6555eb3539d41936d15ba62fe66a) Importer(815301076,1909f56bfc062723c751e8b465ee728b)  -> (artifact id: '37cdc70b861d94f3490f96cb229178fe') in 0.033011 seconds 
  Import took 0.042490 seconds .

========================================================================
Received Import Request.
  Time since last request: 0.000709 seconds.
  path: Assets/kenney_pixelplatformer/Tilemap/tiles_packed.png
  artifactKey: Guid(fe864e25808bfdf4d97fdbeece2c42ef) Importer(815301076,1909f56bfc062723c751e8b465ee728b)
Start importing Assets/kenney_pixelplatformer/Tilemap/tiles_packed.png using Guid(fe864e25808bfdf4d97fdbeece2c42ef) Importer(815301076,1909f56bfc062723c751e8b465ee728b)  -> (artifact id: '36990d91bf42459f53773826792abf15') in 0.020950 seconds 
  Import took 0.029949 seconds .

========================================================================
Received Import Request.
  Time since last request: 5.129132 seconds.
  path: Assets/Standard Assets/CrossPlatformInput/Sprites/ButtonSpacebarSprite.png
  artifactKey: Guid(3d8675433a508ec47b8f895201eacf20) Importer(815301076,1909f56bfc062723c751e8b465ee728b)
Start importing Assets/Standard Assets/CrossPlatformInput/Sprites/ButtonSpacebarSprite.png using Guid(3d8675433a508ec47b8f895201eacf20) Importer(815301076,1909f56bfc062723c751e8b465ee728b)  -> (artifact id: '7d6580e0a2841c5f46436744bb97b68f') in 0.026054 seconds 
  Import took 0.035558 seconds .

========================================================================
Received Import Request.
  Time since last request: 0.000713 seconds.
  path: Assets/kenney_pixelplatformer/Tilemap/characters_packed.png
  artifactKey: Guid(3eaf6ec70656e244590f4b573a821bec) Importer(815301076,1909f56bfc062723c751e8b465ee728b)
Start importing Assets/kenney_pixelplatformer/Tilemap/characters_packed.png using Guid(3eaf6ec70656e244590f4b573a821bec) Importer(815301076,1909f56bfc062723c751e8b465ee728b)  -> (artifact id: '680e87996a3b7d7023879cc2b52cada3') in 0.026790 seconds 
  Import took 0.036229 seconds .

========================================================================
Received Import Request.
  Time since last request: 1.136233 seconds.
  path: Assets/Hero Knight - Pixel Art/Environment/EnvironmentPalette_HeroKnight.prefab
  artifactKey: Guid(d0a86346e04015245ae6126e465b87c0) Importer(815301076,1909f56bfc062723c751e8b465ee728b)
Start importing Assets/Hero Knight - Pixel Art/Environment/EnvironmentPalette_HeroKnight.prefab using Guid(d0a86346e04015245ae6126e465b87c0) Importer(815301076,1909f56bfc062723c751e8b465ee728b)  -> (artifact id: 'fb7268badad7633fbbd6a2ff4a684d96') in 0.094538 seconds 
  Import took 0.103852 seconds .

========================================================================
Received Import Request.
  Time since last request: 0.000714 seconds.
  path: Assets/kenney_pixelplatformer/Tiles/Manual tiles.prefab
  artifactKey: Guid(6dc06a2ac8b4ea1429bfcc7eca30577a) Importer(815301076,1909f56bfc062723c751e8b465ee728b)
Start importing Assets/kenney_pixelplatformer/Tiles/Manual tiles.prefab using Guid(6dc06a2ac8b4ea1429bfcc7eca30577a) Importer(815301076,1909f56bfc062723c751e8b465ee728b)  -> (artifact id: 'ae449e8b2e321ff8b23acbfff579a97d') in 0.323581 seconds 
  Import took 0.337620 seconds .

========================================================================
Received Import Request.
  Time since last request: 0.000660 seconds.
  path: Assets/SampleScenes/Textures/FlyerPlayershipAlbedo.tif
  artifactKey: Guid(512e488bce130734aae5f494c86272be) Importer(815301076,1909f56bfc062723c751e8b465ee728b)
Start importing Assets/SampleScenes/Textures/FlyerPlayershipAlbedo.tif using Guid(512e488bce130734aae5f494c86272be) Importer(815301076,1909f56bfc062723c751e8b465ee728b)  -> (artifact id: '83ff3a567b0e7fb4687c7bc0b1773bee') in 0.031418 seconds 
  Import took 0.041221 seconds .

========================================================================
Received Import Request.
  Time since last request: 209.600785 seconds.
  path: Assets/Sprites & Tiles/Sprites
  artifactKey: Guid(4e7f1e1c3b63cc84a986205a44395494) Importer(815301076,1909f56bfc062723c751e8b465ee728b)
Start importing Assets/Sprites & Tiles/Sprites using Guid(4e7f1e1c3b63cc84a986205a44395494) Importer(815301076,1909f56bfc062723c751e8b465ee728b)  -> (artifact id: '988edfc2bab5504f843ea9d590b3a33d') in 0.002924 seconds 
  Import took 0.007763 seconds .

========================================================================
Received Import Request.
  Time since last request: 37.987234 seconds.
  path: Assets/Prefabs/Coin.prefab
  artifactKey: Guid(735c27c46e2411448b3ead7cbe2bc68e) Importer(815301076,1909f56bfc062723c751e8b465ee728b)
Start importing Assets/Prefabs/Coin.prefab using Guid(735c27c46e2411448b3ead7cbe2bc68e) Importer(815301076,1909f56bfc062723c751e8b465ee728b)  -> (artifact id: '0475ac2177d0e5d892740f52dcc93807') in 0.009661 seconds 
  Import took 0.016537 seconds .

========================================================================
Received Import Request.
  Time since last request: 0.005279 seconds.
  path: Assets/Prefabs/Coin.prefab
  artifactKey: Guid(735c27c46e2411448b3ead7cbe2bc68e) Importer(815301076,1909f56bfc062723c751e8b465ee728b)
Start importing Assets/Prefabs/Coin.prefab using Guid(735c27c46e2411448b3ead7cbe2bc68e) Importer(815301076,1909f56bfc062723c751e8b465ee728b)  -> (artifact id: '0475ac2177d0e5d892740f52dcc93807') in 0.009481 seconds 
  Import took 0.017998 seconds .

========================================================================
Received Import Request.
  Time since last request: 18.120768 seconds.
  path: Assets/Prefabs/Coin.prefab
  artifactKey: Guid(735c27c46e2411448b3ead7cbe2bc68e) Importer(815301076,1909f56bfc062723c751e8b465ee728b)
Start importing Assets/Prefabs/Coin.prefab using Guid(735c27c46e2411448b3ead7cbe2bc68e) Importer(815301076,1909f56bfc062723c751e8b465ee728b)  -> (artifact id: 'a1d91639c56458b48906bda73714cf41') in 0.010230 seconds 
  Import took 0.017088 seconds .

========================================================================
Received Import Request.
  Time since last request: 0.028472 seconds.
  path: Assets/Prefabs/Coin.prefab
  artifactKey: Guid(735c27c46e2411448b3ead7cbe2bc68e) Importer(815301076,1909f56bfc062723c751e8b465ee728b)
Start importing Assets/Prefabs/Coin.prefab using Guid(735c27c46e2411448b3ead7cbe2bc68e) Importer(815301076,1909f56bfc062723c751e8b465ee728b)  -> (artifact id: 'a1d91639c56458b48906bda73714cf41') in 0.009506 seconds 
  Import took 0.017711 seconds .

========================================================================
Received Import Request.
  Time since last request: 16.658384 seconds.
  path: Assets/Hero Knight - Pixel Art/Sprites/Background.png
  artifactKey: Guid(33dccf83b7f7f294992c97ebe1990464) Importer(815301076,1909f56bfc062723c751e8b465ee728b)
Start importing Assets/Hero Knight - Pixel Art/Sprites/Background.png using Guid(33dccf83b7f7f294992c97ebe1990464) Importer(815301076,1909f56bfc062723c751e8b465ee728b)  -> (artifact id: 'fa3bb86219b2985197036b8414ebf691') in 0.024634 seconds 
  Import took 0.034133 seconds .

========================================================================
Received Import Request.
  Time since last request: 0.000761 seconds.
  path: Assets/kenney_pixelplatformer/Background/background_0004.png
  artifactKey: Guid(a3839ebbe21895b40a15ffa6b153e6b8) Importer(815301076,1909f56bfc062723c751e8b465ee728b)
Start importing Assets/kenney_pixelplatformer/Background/background_0004.png using Guid(a3839ebbe21895b40a15ffa6b153e6b8) Importer(815301076,1909f56bfc062723c751e8b465ee728b)  -> (artifact id: '4d546c2e943cb7e37e99bcd0b765ea47') in 0.026689 seconds 
  Import took 0.034526 seconds .

========================================================================
Received Import Request.
  Time since last request: 0.000848 seconds.
  path: Assets/kenney_pixelplatformer/Background/background_0003.png
  artifactKey: Guid(8f38771b8970bc843b3181f5a7bdf834) Importer(815301076,1909f56bfc062723c751e8b465ee728b)
Start importing Assets/kenney_pixelplatformer/Background/background_0003.png using Guid(8f38771b8970bc843b3181f5a7bdf834) Importer(815301076,1909f56bfc062723c751e8b465ee728b)  -> (artifact id: 'c9a7d959de056c87a41e887f47faa6ab') in 0.023651 seconds 
  Import took 0.033263 seconds .

========================================================================
Received Import Request.
  Time since last request: 0.000683 seconds.
  path: Assets/Hero Knight - Pixel Art/Sprites/Background.png
  artifactKey: Guid(33dccf83b7f7f294992c97ebe1990464) Importer(815301076,1909f56bfc062723c751e8b465ee728b)
Start importing Assets/Hero Knight - Pixel Art/Sprites/Background.png using Guid(33dccf83b7f7f294992c97ebe1990464) Importer(815301076,1909f56bfc062723c751e8b465ee728b)  -> (artifact id: 'fa3bb86219b2985197036b8414ebf691') in 0.022382 seconds 
  Import took 0.031571 seconds .

========================================================================
Received Import Request.
  Time since last request: 0.000718 seconds.
  path: Assets/kenney_pixelplatformer/Background/background_0005.png
  artifactKey: Guid(c05a87a7534af594bb0e70d6da209abc) Importer(815301076,1909f56bfc062723c751e8b465ee728b)
Start importing Assets/kenney_pixelplatformer/Background/background_0005.png using Guid(c05a87a7534af594bb0e70d6da209abc) Importer(815301076,1909f56bfc062723c751e8b465ee728b)  -> (artifact id: 'cddbe68f401ce7cd28085932641e5ac8') in 0.024263 seconds 
  Import took 0.034688 seconds .

========================================================================
Received Import Request.
  Time since last request: 0.000705 seconds.
  path: Assets/kenney_pixelplatformer/Background/background_0000.png
  artifactKey: Guid(c148300994bb23e4aa4406f5f975127b) Importer(815301076,1909f56bfc062723c751e8b465ee728b)
Start importing Assets/kenney_pixelplatformer/Background/background_0000.png using Guid(c148300994bb23e4aa4406f5f975127b) Importer(815301076,1909f56bfc062723c751e8b465ee728b)  -> (artifact id: '5109198a893a8fb4d9751738531c472f') in 0.020338 seconds 
  Import took 0.028882 seconds .

========================================================================
Received Import Request.
  Time since last request: 0.000574 seconds.
  path: Assets/kenney_pixelplatformer/Background/background_0002.png
  artifactKey: Guid(a232669b70144ac4888c5461c45fe9fa) Importer(815301076,1909f56bfc062723c751e8b465ee728b)
Start importing Assets/kenney_pixelplatformer/Background/background_0002.png using Guid(a232669b70144ac4888c5461c45fe9fa) Importer(815301076,1909f56bfc062723c751e8b465ee728b)  -> (artifact id: 'f71dd1ae7fdecc4e439b28cf6a049834') in 0.020340 seconds 
  Import took 0.027455 seconds .

========================================================================
Received Import Request.
  Time since last request: 0.000900 seconds.
  path: Assets/kenney_pixelplatformer/Background/background_0006.png
  artifactKey: Guid(1827c4a46ce0e6e49bbfcfca5452f504) Importer(815301076,1909f56bfc062723c751e8b465ee728b)
Start importing Assets/kenney_pixelplatformer/Background/background_0006.png using Guid(1827c4a46ce0e6e49bbfcfca5452f504) Importer(815301076,1909f56bfc062723c751e8b465ee728b)  -> (artifact id: '602574e3026a09e69462c09e51c0c0b8') in 0.021678 seconds 
  Import took 0.027866 seconds .

========================================================================
Received Import Request.
  Time since last request: 0.000680 seconds.
  path: Assets/kenney_pixelplatformer/Background/background_0000.png
  artifactKey: Guid(c148300994bb23e4aa4406f5f975127b) Importer(815301076,1909f56bfc062723c751e8b465ee728b)
Start importing Assets/kenney_pixelplatformer/Background/background_0000.png using Guid(c148300994bb23e4aa4406f5f975127b) Importer(815301076,1909f56bfc062723c751e8b465ee728b)  -> (artifact id: '5109198a893a8fb4d9751738531c472f') in 0.015921 seconds 
  Import took 0.021562 seconds .

========================================================================
Received Import Request.
  Time since last request: 0.000579 seconds.
  path: Assets/kenney_pixelplatformer/Background/background_0001.png
  artifactKey: Guid(297b25e12a062564f9440e3b5a434152) Importer(815301076,1909f56bfc062723c751e8b465ee728b)
Start importing Assets/kenney_pixelplatformer/Background/background_0001.png using Guid(297b25e12a062564f9440e3b5a434152) Importer(815301076,1909f56bfc062723c751e8b465ee728b)  -> (artifact id: 'e3675e56d6a2c3b82d7e960dc36c50fc') in 0.018559 seconds 
  Import took 0.025929 seconds .

========================================================================
Received Import Request.
  Time since last request: 4.408435 seconds.
  path: Assets/Prefabs/Coin.prefab
  artifactKey: Guid(735c27c46e2411448b3ead7cbe2bc68e) Importer(815301076,1909f56bfc062723c751e8b465ee728b)
Start importing Assets/Prefabs/Coin.prefab using Guid(735c27c46e2411448b3ead7cbe2bc68e) Importer(815301076,1909f56bfc062723c751e8b465ee728b)  -> (artifact id: '5e3d511a6eb9c77876c72bddb6dc6771') in 0.016611 seconds 
  Import took 0.024907 seconds .

========================================================================
Received Import Request.
  Time since last request: 92.668927 seconds.
  path: Assets/Prefabs/Coin.prefab
  artifactKey: Guid(735c27c46e2411448b3ead7cbe2bc68e) Importer(815301076,1909f56bfc062723c751e8b465ee728b)
Start importing Assets/Prefabs/Coin.prefab using Guid(735c27c46e2411448b3ead7cbe2bc68e) Importer(815301076,1909f56bfc062723c751e8b465ee728b)  -> (artifact id: 'df38e4eaa5efe93e0722903ae9b62934') in 0.023967 seconds 
  Import took 0.030765 seconds .

========================================================================
Received Prepare
Registering precompiled user dll's ...
Registered in 0.007441 seconds.
Begin MonoManager ReloadAssembly
Native extension for WindowsStandalone target not found
Refreshing native plugins compatible for Editor in 0.90 ms, found 3 plugins.
Preloading 0 native plugins for Editor in 0.00 ms.
Mono: successfully reloaded assembly
- Completed reload, in  1.850 seconds
Domain Reload Profiling:
	ReloadAssembly (1851ms)
		BeginReloadAssembly (305ms)
			ExecutionOrderSort (0ms)
			DisableScriptedObjects (16ms)
			BackupInstance (0ms)
			ReleaseScriptingObjects (0ms)
			CreateAndSetChildDomain (96ms)
		EndReloadAssembly (1463ms)
			LoadAssemblies (201ms)
			RebuildTransferFunctionScriptingTraits (0ms)
			SetupTypeCache (541ms)
			ReleaseScriptCaches (2ms)
			RebuildScriptCaches (107ms)
			SetupLoadedEditorAssemblies (502ms)
				LogAssemblyErrors (0ms)
				InitializePlatformSupportModulesInManaged (7ms)
				SetLoadedEditorAssemblies (1ms)
				RefreshPlugins (1ms)
				BeforeProcessingInitializeOnLoad (199ms)
				ProcessInitializeOnLoadAttributes (283ms)
				ProcessInitializeOnLoadMethodAttributes (7ms)
				AfterProcessingInitializeOnLoad (3ms)
				EditorAssembliesLoaded (0ms)
			ExecutionOrderSort2 (0ms)
			AwakeInstancesAfterBackupRestoration (14ms)
Platform modules already initialized, skipping
Refreshing native plugins compatible for Editor in 0.88 ms, found 3 plugins.
Preloading 0 native plugins for Editor in 0.00 ms.
Unloading 2366 Unused Serialized files (Serialized files now loaded: 0)
System memory in use before: 111.8 MB.
System memory in use after: 111.8 MB.

Unloading 16 unused Assets to reduce memory usage. Loaded Objects now: 2955.
Total: 7.120100 ms (FindLiveObjects: 0.492300 ms CreateObjectMapping: 0.143000 ms MarkObjects: 5.942400 ms  DeleteObjects: 0.539600 ms)

AssetImportParameters requested are different than current active one (requested -> active):
  custom:framework-win-MediaFoundation: 216162199b28c13a410421893ffa2e32 -> 
  custom:video-decoder-ogg-theora: a1e56fd34408186e4bbccfd4996cb3dc -> 
  custom:container-muxer-webm: aa71ff27fc2769a1b78a27578f13a17b -> 
  custom:container-demuxer-webm: 4f35f7cbe854078d1ac9338744f61a02 -> 
  custom:container-demuxer-ogg: 62fdf1f143b41e24485cea50d1cbac27 -> 
  custom:video-encoder-webm-vp8: eb34c28f22e8b96e1ab97ce403110664 -> 
  custom:video-codec-MediaFoundation-h265: 746d11721c4dcdbdad8f713fa42b33f4 -> 
  custom:video-decoder-webm-vp8: 9c59270c3fd7afecdb556c50c9e8de78 -> 
  custom:audio-decoder-ogg-vorbis: bf7c407c2cedff20999df2af8eb42d56 -> 
  custom:audio-encoder-webm-vorbis: bf7c407c2cedff20999df2af8eb42d56 -> 
========================================================================
Received Import Request.
  Time since last request: 988.973873 seconds.
  path: Assets/Prefabs/Coin.prefab
  artifactKey: Guid(735c27c46e2411448b3ead7cbe2bc68e) Importer(815301076,1909f56bfc062723c751e8b465ee728b)
Start importing Assets/Prefabs/Coin.prefab using Guid(735c27c46e2411448b3ead7cbe2bc68e) Importer(815301076,1909f56bfc062723c751e8b465ee728b)  -> (artifact id: 'c5535afd2c39f7153ae71ba676033253') in 0.084083 seconds 
  Import took 0.098964 seconds .

========================================================================
Received Import Request.
  Time since last request: 1.608837 seconds.
  path: Assets/Prefabs/Coin.prefab
  artifactKey: Guid(735c27c46e2411448b3ead7cbe2bc68e) Importer(815301076,1909f56bfc062723c751e8b465ee728b)
Start importing Assets/Prefabs/Coin.prefab using Guid(735c27c46e2411448b3ead7cbe2bc68e) Importer(815301076,1909f56bfc062723c751e8b465ee728b)  -> (artifact id: 'ad91d4b0371a1aa3908fc1a7fcc3a915') in 0.018584 seconds 
  Import took 0.026740 seconds .

AssetImportWorkerClient::OnTransportError - code=2 error=End of file
